<?xml version="1.0" encoding="UTF-8"?>
<testng-results skipped="0" failed="0" ignored="0" total="1" passed="1">
  <reporter-output>
  </reporter-output>
  <suite name="Default suite" duration-ms="8626" started-at="2019-08-07T02:13:34Z" finished-at="2019-08-07T02:13:43Z">
    <groups>
    </groups>
    <test name="Default test" duration-ms="8626" started-at="2019-08-07T02:13:34Z" finished-at="2019-08-07T02:13:43Z">
      <class name="ActionClass.Actions2">
        <test-method status="PASS" signature="beforeTests()[pri:0, instance:ActionClass.Actions2@43df23d3]" name="beforeTests" is-config="true" duration-ms="4673" started-at="2019-08-07T02:13:34Z" finished-at="2019-08-07T02:13:39Z">
          <reporter-output>
          </reporter-output>
        </test-method> <!-- beforeTests -->
        <test-method status="PASS" signature="firstTest()[pri:0, instance:ActionClass.Actions2@43df23d3]" name="firstTest" duration-ms="3892" started-at="2019-08-07T02:13:39Z" finished-at="2019-08-07T02:13:43Z">
          <reporter-output>
          </reporter-output>
        </test-method> <!-- firstTest -->
      </class> <!-- ActionClass.Actions2 -->
    </test> <!-- Default test -->
  </suite> <!-- Default suite -->
</testng-results>
